<?xml version="1.0" encoding="UTF-8"?>
<!-- Generated by org.testng.reporters.JUnitReportReporter -->
<testsuite hostname="Souravs-MacBook-Air.local" failures="0" tests="1" name="mypackage.GetUrl" time="11.713" errors="0" timestamp="2023-08-25T16:29:49 IST" skipped="0">
  <testcase classname="mypackage.GetUrl" name="currentUrl" time="11.713"/>
  <system-out/>
</testsuite> <!-- mypackage.GetUrl -->
