<?xml version="1.0" encoding="UTF-8"?>
<!-- Generated by org.testng.reporters.JUnitReportReporter -->
<testsuite hostname="Souravs-MacBook-Air.local" failures="0" tests="1" name="mypackage.NewTest" time="9.159" errors="0" timestamp="2023-07-31T10:36:15 IST" skipped="0">
  <testcase classname="mypackage.NewTest" name="currentUrl" time="9.159"/>
  <system-out/>
</testsuite> <!-- mypackage.NewTest -->
