<?xml version="1.0" encoding="UTF-8"?>
<!-- Generated by org.testng.reporters.JUnitReportReporter -->
<testsuite hostname="Souravs-MacBook-Air.local" failures="0" tests="6" name="mypackage.ReportingDemos" time="0.039" errors="0" timestamp="2023-07-30T23:00:07 IST" skipped="0">
  <testcase classname="mypackage.ReportingDemos" name="testCase8" time="0.003"/>
  <system-out/>
  <testcase classname="mypackage.ReportingDemos" name="testCase2" time="0.004"/>
  <system-out/>
  <testcase classname="mypackage.ReportingDemos" name="testCase9" time="0.003"/>
  <system-out/>
  <testcase classname="mypackage.ReportingDemos" name="testCase1" time="0.023"/>
  <system-out/>
  <testcase classname="mypackage.ReportingDemos" name="testCase3" time="0.003"/>
  <system-out/>
  <testcase classname="mypackage.ReportingDemos" name="testCasenine" time="0.003"/>
  <system-out/>
</testsuite> <!-- mypackage.ReportingDemos -->
