<?xml version="1.0" encoding="UTF-8"?>
<!-- Generated by org.testng.reporters.JUnitReportReporter -->
<testsuite hostname="Souravs-MacBook-Air.local" failures="0" tests="2" name="mypackage.FileUpload" time="11.016" errors="0" timestamp="2023-08-24T14:35:12 IST" skipped="1">
  <testcase classname="mypackage.FileUpload" name="fileUploading" time="11.016"/>
  <system-out/>
  <testcase classname="mypackage.FileUpload" name="getTitle">
    <skipped/>
  </testcase> <!-- getTitle -->
  <system-out/>
</testsuite> <!-- mypackage.FileUpload -->
